2021-07-26 21:36:56 info: XVBA Live Server extension is now active!
2021-07-26 21:36:56 debug: Start Watch Excel Export VBA Files
2021-07-26 21:36:56 debug: Start Run Macro Server
2021-07-26 21:39:50 info: XVBA Ribbon Starts
2021-07-27 12:06:20 debug: Exec Excel for Load Macro
2021-07-27 12:08:38 debug: Exec Excel for Load Macro
2021-07-27 12:09:36 debug: Exec Excel for Load Macro
2021-07-27 12:10:37 debug: Exec Excel for Load Macro
2021-07-27 12:22:57 debug: Exec Excel for Load Macro
2021-07-27 12:22:57 debug: Exec Excel for Load Macro
2021-07-27 12:28:14 debug: Exec Excel for Load Macro
2021-07-27 12:35:21 debug: Exec Excel for Load Macro
2021-07-27 12:37:55 debug: Exec Excel for Load Macro
2021-07-27 12:56:48 debug: Exec Excel for Load Macro
2021-07-27 13:11:22 debug: Exec Excel for Load Macro
2021-07-27 13:14:15 debug: Exec Excel for Load Macro
2021-07-27 13:30:23 debug: Exec Excel for Load Macro
2021-07-27 13:30:24 debug: Exec Excel for Load Macro
2021-07-27 13:33:16 debug: Exec Excel for Load Macro
2021-07-27 13:37:01 debug: Close Watch Excel Export VBA Files
2021-07-27 18:10:38 info: XVBA Live Server extension is now active!
2021-07-27 18:10:38 debug: Start Watch Excel Export VBA Files
2021-07-27 18:10:40 debug: Start Run Macro Server
2021-07-27 18:10:38 info: XVBA Ribbon Starts
